<?xml version="1.0" encoding="UTF-8"?>
<testng-results skipped="0" failed="0" ignored="0" total="1" passed="1">
  <reporter-output>
  </reporter-output>
  <suite name="Default suite" duration-ms="79721" started-at="2019-06-13T13:12:59Z" finished-at="2019-06-13T13:14:19Z">
    <groups>
    </groups>
    <test name="Default test" duration-ms="79721" started-at="2019-06-13T13:12:59Z" finished-at="2019-06-13T13:14:19Z">
      <class name="com.qa.tests.TC_001">
        <test-method status="PASS" signature="setUp()[pri:0, instance:com.qa.tests.TC_001@224edc67]" name="setUp" is-config="true" duration-ms="20584" started-at="2019-06-13T13:12:59Z" finished-at="2019-06-13T13:13:20Z">
          <reporter-output>
          </reporter-output>
        </test-method> <!-- setUp -->
        <test-method status="PASS" signature="test()[pri:0, instance:com.qa.tests.TC_001@224edc67]" name="test" duration-ms="56959" started-at="2019-06-13T13:13:20Z" finished-at="2019-06-13T13:14:17Z">
          <reporter-output>
          </reporter-output>
        </test-method> <!-- test -->
        <test-method status="PASS" signature="testDown()[pri:0, instance:com.qa.tests.TC_001@224edc67]" name="testDown" is-config="true" duration-ms="2116" started-at="2019-06-13T13:14:17Z" finished-at="2019-06-13T13:14:19Z">
          <reporter-output>
          </reporter-output>
        </test-method> <!-- testDown -->
      </class> <!-- com.qa.tests.TC_001 -->
    </test> <!-- Default test -->
  </suite> <!-- Default suite -->
</testng-results>
